# JRE version: Java(TM) SE Runtime Environment (8.0_411) (build 1.8.0_411-b09)
# Java VM: Java HotSpot(TM) 64-Bit Server VM (25.411-b09 mixed mode windows-amd64 compressed oops)
Heap:
 PSYoungGen      total 112128K, used 4071K [0x00000000e0800000, 0x00000000e8400000, 0x0000000100000000)
  eden space 98304K, 4% used [0x00000000e0800000,0x00000000e0bf9e10,0x00000000e6800000)
  from space 13824K, 0% used [0x00000000e7680000,0x00000000e7680000,0x00000000e8400000)
  to   space 14336K, 0% used [0x00000000e6800000,0x00000000e6800000,0x00000000e7600000)
 ParOldGen       total 71168K, used 22088K [0x00000000a1800000, 0x00000000a5d80000, 0x00000000e0800000)
  object space 71168K, 31% used [0x00000000a1800000,0x00000000a2d92048,0x00000000a5d80000)
 Metaspace       used 21500K, capacity 21788K, committed 22144K, reserved 1069056K
  class space    used 2749K, capacity 2854K, committed 2944K, reserved 1048576K
GC Heap History (10 events):
Event: 1.391 GC heap before
{Heap before GC invocations=3 (full 0):
 PSYoungGen      total 28672K, used 28656K [0x00000000e0800000, 0x00000000e4000000, 0x0000000100000000)
  eden space 24576K, 100% used [0x00000000e0800000,0x00000000e2000000,0x00000000e2000000)
  from space 4096K, 99% used [0x00000000e2400000,0x00000000e27fc010,0x00000000e2800000)
  to   space 4096K, 0% used [0x00000000e2000000,0x00000000e2000000,0x00000000e2400000)
 ParOldGen       total 65536K, used 2509K [0x00000000a1800000, 0x00000000a5800000, 0x00000000e0800000)
  object space 65536K, 3% used [0x00000000a1800000,0x00000000a1a73708,0x00000000a5800000)
 Metaspace       used 10521K, capacity 10720K, committed 10880K, reserved 1058816K
  class space    used 1285K, capacity 1352K, committed 1408K, reserved 1048576K
Event: 1.401 GC heap after
Heap after GC invocations=3 (full 0):
 PSYoungGen      total 28672K, used 4064K [0x00000000e0800000, 0x00000000e4000000, 0x0000000100000000)
  eden space 24576K, 0% used [0x00000000e0800000,0x00000000e0800000,0x00000000e2000000)
  from space 4096K, 99% used [0x00000000e2000000,0x00000000e23f8030,0x00000000e2400000)
  to   space 4096K, 0% used [0x00000000e3c00000,0x00000000e3c00000,0x00000000e4000000)
 ParOldGen       total 65536K, used 6538K [0x00000000a1800000, 0x00000000a5800000, 0x00000000e0800000)
  object space 65536K, 9% used [0x00000000a1800000,0x00000000a1e62860,0x00000000a5800000)
 Metaspace       used 10521K, capacity 10720K, committed 10880K, reserved 1058816K
  class space    used 1285K, capacity 1352K, committed 1408K, reserved 1048576K
}
Event: 1.944 GC heap before
{Heap before GC invocations=4 (full 0):
 PSYoungGen      total 28672K, used 28640K [0x00000000e0800000, 0x00000000e4000000, 0x0000000100000000)
  eden space 24576K, 100% used [0x00000000e0800000,0x00000000e2000000,0x00000000e2000000)
  from space 4096K, 99% used [0x00000000e2000000,0x00000000e23f8030,0x00000000e2400000)
  to   space 4096K, 0% used [0x00000000e3c00000,0x00000000e3c00000,0x00000000e4000000)
 ParOldGen       total 65536K, used 6538K [0x00000000a1800000, 0x00000000a5800000, 0x00000000e0800000)
  object space 65536K, 9% used [0x00000000a1800000,0x00000000a1e62860,0x00000000a5800000)
 Metaspace       used 13336K, capacity 13548K, committed 13824K, reserved 1060864K
  class space    used 1680K, capacity 1738K, committed 1792K, reserved 1048576K
Event: 1.956 GC heap after
Heap after GC invocations=4 (full 0):
 PSYoungGen      total 53248K, used 4064K [0x00000000e0800000, 0x00000000e4000000, 0x0000000100000000)
  eden space 49152K, 0% used [0x00000000e0800000,0x00000000e0800000,0x00000000e3800000)
  from space 4096K, 99% used [0x00000000e3c00000,0x00000000e3ff8030,0x00000000e4000000)
  to   space 4096K, 0% used [0x00000000e3800000,0x00000000e3800000,0x00000000e3c00000)
 ParOldGen       total 65536K, used 11884K [0x00000000a1800000, 0x00000000a5800000, 0x00000000e0800000)
  object space 65536K, 18% used [0x00000000a1800000,0x00000000a239b0a8,0x00000000a5800000)
 Metaspace       used 13336K, capacity 13548K, committed 13824K, reserved 1060864K
  class space    used 1680K, capacity 1738K, committed 1792K, reserved 1048576K
}
Event: 3.275 GC heap before
{Heap before GC invocations=5 (full 0):
 PSYoungGen      total 53248K, used 53216K [0x00000000e0800000, 0x00000000e4000000, 0x0000000100000000)
  eden space 49152K, 100% used [0x00000000e0800000,0x00000000e3800000,0x00000000e3800000)
  from space 4096K, 99% used [0x00000000e3c00000,0x00000000e3ff8030,0x00000000e4000000)
  to   space 4096K, 0% used [0x00000000e3800000,0x00000000e3800000,0x00000000e3c00000)
 ParOldGen       total 65536K, used 11884K [0x00000000a1800000, 0x00000000a5800000, 0x00000000e0800000)
  object space 65536K, 18% used [0x00000000a1800000,0x00000000a239b0a8,0x00000000a5800000)
 Metaspace       used 19139K, capacity 19382K, committed 19840K, reserved 1067008K
  class space    used 2492K, capacity 2583K, committed 2688K, reserved 1048576K
Event: 3.291 GC heap after
Heap after GC invocations=5 (full 0):
 PSYoungGen      total 53248K, used 4064K [0x00000000e0800000, 0x00000000e8500000, 0x0000000100000000)
  eden space 49152K, 0% used [0x00000000e0800000,0x00000000e0800000,0x00000000e3800000)
  from space 4096K, 99% used [0x00000000e3800000,0x00000000e3bf8030,0x00000000e3c00000)
  to   space 14848K, 0% used [0x00000000e7680000,0x00000000e7680000,0x00000000e8500000)
 ParOldGen       total 65536K, used 21910K [0x00000000a1800000, 0x00000000a5800000, 0x00000000e0800000)
  object space 65536K, 33% used [0x00000000a1800000,0x00000000a2d659b0,0x00000000a5800000)
 Metaspace       used 19139K, capacity 19382K, committed 19840K, reserved 1067008K
  class space    used 2492K, capacity 2583K, committed 2688K, reserved 1048576K
}
Event: 4.018 GC heap before
{Heap before GC invocations=6 (full 0):
 PSYoungGen      total 53248K, used 26552K [0x00000000e0800000, 0x00000000e8500000, 0x0000000100000000)
  eden space 49152K, 45% used [0x00000000e0800000,0x00000000e1df6270,0x00000000e3800000)
  from space 4096K, 99% used [0x00000000e3800000,0x00000000e3bf8030,0x00000000e3c00000)
  to   space 14848K, 0% used [0x00000000e7680000,0x00000000e7680000,0x00000000e8500000)
 ParOldGen       total 65536K, used 21910K [0x00000000a1800000, 0x00000000a5800000, 0x00000000e0800000)
  object space 65536K, 33% used [0x00000000a1800000,0x00000000a2d659b0,0x00000000a5800000)
 Metaspace       used 20810K, capacity 21052K, committed 21248K, reserved 1067008K
  class space    used 2668K, capacity 2758K, committed 2816K, reserved 1048576K
Event: 4.033 GC heap after
Heap after GC invocations=6 (full 0):
 PSYoungGen      total 112128K, used 6856K [0x00000000e0800000, 0x00000000e8400000, 0x0000000100000000)
  eden space 98304K, 0% used [0x00000000e0800000,0x00000000e0800000,0x00000000e6800000)
  from space 13824K, 49% used [0x00000000e7680000,0x00000000e7d32148,0x00000000e8400000)
  to   space 14336K, 0% used [0x00000000e6800000,0x00000000e6800000,0x00000000e7600000)
 ParOldGen       total 65536K, used 21918K [0x00000000a1800000, 0x00000000a5800000, 0x00000000e0800000)
  object space 65536K, 33% used [0x00000000a1800000,0x00000000a2d679b0,0x00000000a5800000)
 Metaspace       used 20810K, capacity 21052K, committed 21248K, reserved 1067008K
  class space    used 2668K, capacity 2758K, committed 2816K, reserved 1048576K
}
Event: 4.033 GC heap before
{Heap before GC invocations=7 (full 1):
 PSYoungGen      total 112128K, used 6856K [0x00000000e0800000, 0x00000000e8400000, 0x0000000100000000)
  eden space 98304K, 0% used [0x00000000e0800000,0x00000000e0800000,0x00000000e6800000)
  from space 13824K, 49% used [0x00000000e7680000,0x00000000e7d32148,0x00000000e8400000)
  to   space 14336K, 0% used [0x00000000e6800000,0x00000000e6800000,0x00000000e7600000)
 ParOldGen       total 65536K, used 21918K [0x00000000a1800000, 0x00000000a5800000, 0x00000000e0800000)
  object space 65536K, 33% used [0x00000000a1800000,0x00000000a2d679b0,0x00000000a5800000)
 Metaspace       used 20810K, capacity 21052K, committed 21248K, reserved 1067008K
  class space    used 2668K, capacity 2758K, committed 2816K, reserved 1048576K
Event: 4.115 GC heap after
Heap after GC invocations=7 (full 1):
 PSYoungGen      total 112128K, used 0K [0x00000000e0800000, 0x00000000e8400000, 0x0000000100000000)
  eden space 98304K, 0% used [0x00000000e0800000,0x00000000e0800000,0x00000000e6800000)
  from space 13824K, 0% used [0x00000000e7680000,0x00000000e7680000,0x00000000e8400000)
  to   space 14336K, 0% used [0x00000000e6800000,0x00000000e6800000,0x00000000e7600000)
 ParOldGen       total 71168K, used 22088K [0x00000000a1800000, 0x00000000a5d80000, 0x00000000e0800000)
  object space 71168K, 31% used [0x00000000a1800000,0x00000000a2d92048,0x00000000a5d80000)
 Metaspace       used 20810K, capacity 21052K, committed 21248K, reserved 1067008K
  class space    used 2668K, capacity 2758K, committed 2816K, reserved 1048576K
}

