# JRE version: Java(TM) SE Runtime Environment (8.0_411) (build 1.8.0_411-b09)
# Java VM: Java HotSpot(TM) 64-Bit Server VM (25.411-b09 mixed mode windows-amd64 compressed oops)
Heap:
 PSYoungGen      total 111616K, used 4074K [0x00000000e0800000, 0x00000000e8300000, 0x0000000100000000)
  eden space 98304K, 4% used [0x00000000e0800000,0x00000000e0bfab28,0x00000000e6800000)
  from space 13312K, 0% used [0x00000000e7600000,0x00000000e7600000,0x00000000e8300000)
  to   space 13824K, 0% used [0x00000000e6800000,0x00000000e6800000,0x00000000e7580000)
 ParOldGen       total 72192K, used 23331K [0x00000000a1800000, 0x00000000a5e80000, 0x00000000e0800000)
  object space 72192K, 32% used [0x00000000a1800000,0x00000000a2ec8e80,0x00000000a5e80000)
 Metaspace       used 21480K, capacity 21788K, committed 22144K, reserved 1069056K
  class space    used 2752K, capacity 2854K, committed 2944K, reserved 1048576K
GC Heap History (10 events):
Event: 1.017 GC heap before
{Heap before GC invocations=3 (full 0):
 PSYoungGen      total 28672K, used 28619K [0x00000000e0800000, 0x00000000e4000000, 0x0000000100000000)
  eden space 24576K, 99% used [0x00000000e0800000,0x00000000e1ff94e8,0x00000000e2000000)
  from space 4096K, 99% used [0x00000000e2400000,0x00000000e27f9b08,0x00000000e2800000)
  to   space 4096K, 0% used [0x00000000e2000000,0x00000000e2000000,0x00000000e2400000)
 ParOldGen       total 65536K, used 2590K [0x00000000a1800000, 0x00000000a5800000, 0x00000000e0800000)
  object space 65536K, 3% used [0x00000000a1800000,0x00000000a1a878a0,0x00000000a5800000)
 Metaspace       used 10467K, capacity 10656K, committed 10880K, reserved 1058816K
  class space    used 1283K, capacity 1352K, committed 1408K, reserved 1048576K
Event: 1.023 GC heap after
Heap after GC invocations=3 (full 0):
 PSYoungGen      total 28672K, used 4080K [0x00000000e0800000, 0x00000000e4000000, 0x0000000100000000)
  eden space 24576K, 0% used [0x00000000e0800000,0x00000000e0800000,0x00000000e2000000)
  from space 4096K, 99% used [0x00000000e2000000,0x00000000e23fc340,0x00000000e2400000)
  to   space 4096K, 0% used [0x00000000e3c00000,0x00000000e3c00000,0x00000000e4000000)
 ParOldGen       total 65536K, used 6719K [0x00000000a1800000, 0x00000000a5800000, 0x00000000e0800000)
  object space 65536K, 10% used [0x00000000a1800000,0x00000000a1e8fc18,0x00000000a5800000)
 Metaspace       used 10467K, capacity 10656K, committed 10880K, reserved 1058816K
  class space    used 1283K, capacity 1352K, committed 1408K, reserved 1048576K
}
Event: 1.426 GC heap before
{Heap before GC invocations=4 (full 0):
 PSYoungGen      total 28672K, used 28656K [0x00000000e0800000, 0x00000000e4000000, 0x0000000100000000)
  eden space 24576K, 100% used [0x00000000e0800000,0x00000000e2000000,0x00000000e2000000)
  from space 4096K, 99% used [0x00000000e2000000,0x00000000e23fc340,0x00000000e2400000)
  to   space 4096K, 0% used [0x00000000e3c00000,0x00000000e3c00000,0x00000000e4000000)
 ParOldGen       total 65536K, used 6719K [0x00000000a1800000, 0x00000000a5800000, 0x00000000e0800000)
  object space 65536K, 10% used [0x00000000a1800000,0x00000000a1e8fc18,0x00000000a5800000)
 Metaspace       used 13336K, capacity 13548K, committed 13824K, reserved 1060864K
  class space    used 1680K, capacity 1738K, committed 1792K, reserved 1048576K
Event: 1.433 GC heap after
Heap after GC invocations=4 (full 0):
 PSYoungGen      total 53248K, used 4070K [0x00000000e0800000, 0x00000000e4000000, 0x0000000100000000)
  eden space 49152K, 0% used [0x00000000e0800000,0x00000000e0800000,0x00000000e3800000)
  from space 4096K, 99% used [0x00000000e3c00000,0x00000000e3ff9b38,0x00000000e4000000)
  to   space 4096K, 0% used [0x00000000e3800000,0x00000000e3800000,0x00000000e3c00000)
 ParOldGen       total 65536K, used 11929K [0x00000000a1800000, 0x00000000a5800000, 0x00000000e0800000)
  object space 65536K, 18% used [0x00000000a1800000,0x00000000a23a64e0,0x00000000a5800000)
 Metaspace       used 13336K, capacity 13548K, committed 13824K, reserved 1060864K
  class space    used 1680K, capacity 1738K, committed 1792K, reserved 1048576K
}
Event: 2.283 GC heap before
{Heap before GC invocations=5 (full 0):
 PSYoungGen      total 53248K, used 53222K [0x00000000e0800000, 0x00000000e4000000, 0x0000000100000000)
  eden space 49152K, 100% used [0x00000000e0800000,0x00000000e3800000,0x00000000e3800000)
  from space 4096K, 99% used [0x00000000e3c00000,0x00000000e3ff9b38,0x00000000e4000000)
  to   space 4096K, 0% used [0x00000000e3800000,0x00000000e3800000,0x00000000e3c00000)
 ParOldGen       total 65536K, used 11929K [0x00000000a1800000, 0x00000000a5800000, 0x00000000e0800000)
  object space 65536K, 18% used [0x00000000a1800000,0x00000000a23a64e0,0x00000000a5800000)
 Metaspace       used 19149K, capacity 19382K, committed 19840K, reserved 1067008K
  class space    used 2496K, capacity 2583K, committed 2688K, reserved 1048576K
Event: 2.293 GC heap after
Heap after GC invocations=5 (full 0):
 PSYoungGen      total 53248K, used 4086K [0x00000000e0800000, 0x00000000e8400000, 0x0000000100000000)
  eden space 49152K, 0% used [0x00000000e0800000,0x00000000e0800000,0x00000000e3800000)
  from space 4096K, 99% used [0x00000000e3800000,0x00000000e3bfdb28,0x00000000e3c00000)
  to   space 14336K, 0% used [0x00000000e7600000,0x00000000e7600000,0x00000000e8400000)
 ParOldGen       total 65536K, used 21008K [0x00000000a1800000, 0x00000000a5800000, 0x00000000e0800000)
  object space 65536K, 32% used [0x00000000a1800000,0x00000000a2c841e0,0x00000000a5800000)
 Metaspace       used 19149K, capacity 19382K, committed 19840K, reserved 1067008K
  class space    used 2496K, capacity 2583K, committed 2688K, reserved 1048576K
}
Event: 2.816 GC heap before
{Heap before GC invocations=6 (full 0):
 PSYoungGen      total 53248K, used 27568K [0x00000000e0800000, 0x00000000e8400000, 0x0000000100000000)
  eden space 49152K, 47% used [0x00000000e0800000,0x00000000e1eee4e0,0x00000000e3800000)
  from space 4096K, 99% used [0x00000000e3800000,0x00000000e3bfdb28,0x00000000e3c00000)
  to   space 14336K, 0% used [0x00000000e7600000,0x00000000e7600000,0x00000000e8400000)
 ParOldGen       total 65536K, used 21008K [0x00000000a1800000, 0x00000000a5800000, 0x00000000e0800000)
  object space 65536K, 32% used [0x00000000a1800000,0x00000000a2c841e0,0x00000000a5800000)
 Metaspace       used 20809K, capacity 21052K, committed 21248K, reserved 1067008K
  class space    used 2671K, capacity 2758K, committed 2816K, reserved 1048576K
Event: 2.827 GC heap after
Heap after GC invocations=6 (full 0):
 PSYoungGen      total 111616K, used 6728K [0x00000000e0800000, 0x00000000e8300000, 0x0000000100000000)
  eden space 98304K, 0% used [0x00000000e0800000,0x00000000e0800000,0x00000000e6800000)
  from space 13312K, 50% used [0x00000000e7600000,0x00000000e7c92200,0x00000000e8300000)
  to   space 13824K, 0% used [0x00000000e6800000,0x00000000e6800000,0x00000000e7580000)
 ParOldGen       total 65536K, used 21016K [0x00000000a1800000, 0x00000000a5800000, 0x00000000e0800000)
  object space 65536K, 32% used [0x00000000a1800000,0x00000000a2c861e0,0x00000000a5800000)
 Metaspace       used 20809K, capacity 21052K, committed 21248K, reserved 1067008K
  class space    used 2671K, capacity 2758K, committed 2816K, reserved 1048576K
}
Event: 2.827 GC heap before
{Heap before GC invocations=7 (full 1):
 PSYoungGen      total 111616K, used 6728K [0x00000000e0800000, 0x00000000e8300000, 0x0000000100000000)
  eden space 98304K, 0% used [0x00000000e0800000,0x00000000e0800000,0x00000000e6800000)
  from space 13312K, 50% used [0x00000000e7600000,0x00000000e7c92200,0x00000000e8300000)
  to   space 13824K, 0% used [0x00000000e6800000,0x00000000e6800000,0x00000000e7580000)
 ParOldGen       total 65536K, used 21016K [0x00000000a1800000, 0x00000000a5800000, 0x00000000e0800000)
  object space 65536K, 32% used [0x00000000a1800000,0x00000000a2c861e0,0x00000000a5800000)
 Metaspace       used 20809K, capacity 21052K, committed 21248K, reserved 1067008K
  class space    used 2671K, capacity 2758K, committed 2816K, reserved 1048576K
Event: 2.886 GC heap after
Heap after GC invocations=7 (full 1):
 PSYoungGen      total 111616K, used 0K [0x00000000e0800000, 0x00000000e8300000, 0x0000000100000000)
  eden space 98304K, 0% used [0x00000000e0800000,0x00000000e0800000,0x00000000e6800000)
  from space 13312K, 0% used [0x00000000e7600000,0x00000000e7600000,0x00000000e8300000)
  to   space 13824K, 0% used [0x00000000e6800000,0x00000000e6800000,0x00000000e7580000)
 ParOldGen       total 72192K, used 23331K [0x00000000a1800000, 0x00000000a5e80000, 0x00000000e0800000)
  object space 72192K, 32% used [0x00000000a1800000,0x00000000a2ec8e80,0x00000000a5e80000)
 Metaspace       used 20809K, capacity 21052K, committed 21248K, reserved 1067008K
  class space    used 2671K, capacity 2758K, committed 2816K, reserved 1048576K
}

